This file contains any messages produced by compilers while
running configure, to aid debugging if configure makes a mistake.

It was created by configure, which was
generated by GNU Autoconf 2.69.  Invocation command line was

  $ ./configure -with-php-config=/usr/local/php/bin/php-config

## --------- ##
## Platform. ##
## --------- ##

hostname = iZ948n53aj8Z
uname -m = x86_64
uname -r = 3.10.0-514.26.2.el7.x86_64
uname -s = Linux
uname -v = #1 SMP Tue Jul 4 15:04:05 UTC 2017

/usr/bin/uname -p = x86_64
/bin/uname -X     = unknown

/bin/arch              = x86_64
/usr/bin/arch -k       = unknown
/usr/convex/getsysinfo = unknown
/usr/bin/hostinfo      = unknown
/bin/machine           = unknown
/usr/bin/oslevel       = unknown
/bin/universe          = unknown

PATH: /usr/local/sbin
PATH: /usr/local/bin
PATH: /usr/sbin
PATH: /usr/bin
PATH: /sbin
PATH: /bin


## ----------- ##
## Core tests. ##
## ----------- ##

configure:2382: checking for grep that handles long lines and -e
configure:2440: result: /usr/bin/grep
configure:2445: checking for egrep
configure:2507: result: /usr/bin/grep -E
configure:2512: checking for a sed that does not truncate output
configure:2566: result: /usr/bin/sed
configure:2698: checking for cc
configure:2714: found /usr/bin/cc
configure:2725: result: cc
configure:2756: checking for C compiler version
configure:2765: cc --version >&5
cc (GCC) 4.8.5 20150623 (Red Hat 4.8.5-16)
Copyright (C) 2015 Free Software Foundation, Inc.
This is free software; see the source for copying conditions.  There is NO
warranty; not even for MERCHANTABILITY or FITNESS FOR A PARTICULAR PURPOSE.

configure:2776: $? = 0
configure:2765: cc -v >&5
Using built-in specs.
COLLECT_GCC=cc
COLLECT_LTO_WRAPPER=/usr/libexec/gcc/x86_64-redhat-linux/4.8.5/lto-wrapper
Target: x86_64-redhat-linux
Configured with: ../configure --prefix=/usr --mandir=/usr/share/man --infodir=/usr/share/info --with-bugurl=http://bugzilla.redhat.com/bugzilla --enable-bootstrap --enable-shared --enable-threads=posix --enable-checking=release --with-system-zlib --enable-__cxa_atexit --disable-libunwind-exceptions --enable-gnu-unique-object --enable-linker-build-id --with-linker-hash-style=gnu --enable-languages=c,c++,objc,obj-c++,java,fortran,ada,go,lto --enable-plugin --enable-initfini-array --disable-libgcj --with-isl=/builddir/build/BUILD/gcc-4.8.5-20150702/obj-x86_64-redhat-linux/isl-install --with-cloog=/builddir/build/BUILD/gcc-4.8.5-20150702/obj-x86_64-redhat-linux/cloog-install --enable-gnu-indirect-function --with-tune=generic --with-arch_32=x86-64 --build=x86_64-redhat-linux
Thread model: posix
gcc version 4.8.5 20150623 (Red Hat 4.8.5-16) (GCC) 
configure:2776: $? = 0
configure:2765: cc -V >&5
cc: error: unrecognized command line option '-V'
cc: fatal error: no input files
compilation terminated.
configure:2776: $? = 4
configure:2765: cc -qversion >&5
cc: error: unrecognized command line option '-qversion'
cc: fatal error: no input files
compilation terminated.
configure:2776: $? = 4
configure:2796: checking whether the C compiler works
configure:2818: cc    conftest.c  >&5
configure:2822: $? = 0
configure:2870: result: yes
configure:2873: checking for C compiler default output file name
configure:2875: result: a.out
configure:2881: checking for suffix of executables
configure:2888: cc -o conftest    conftest.c  >&5
configure:2892: $? = 0
configure:2914: result: 
configure:2936: checking whether we are cross compiling
configure:2944: cc -o conftest    conftest.c  >&5
configure:2948: $? = 0
configure:2955: ./conftest
configure:2959: $? = 0
configure:2974: result: no
configure:2979: checking for suffix of object files
configure:3001: cc -c   conftest.c >&5
configure:3005: $? = 0
configure:3026: result: o
configure:3030: checking whether we are using the GNU C compiler
configure:3049: cc -c   conftest.c >&5
configure:3049: $? = 0
configure:3058: result: yes
configure:3067: checking whether cc accepts -g
configure:3087: cc -c -g  conftest.c >&5
configure:3087: $? = 0
configure:3128: result: yes
configure:3145: checking for cc option to accept ISO C89
configure:3208: cc  -c -g -O2  conftest.c >&5
configure:3208: $? = 0
configure:3221: result: none needed
configure:3247: checking how to run the C preprocessor
configure:3278: cc -E  conftest.c
configure:3278: $? = 0
configure:3292: cc -E  conftest.c
conftest.c:9:28: fatal error: ac_nonexistent.h: No such file or directory
 #include <ac_nonexistent.h>
                            ^
compilation terminated.
configure:3292: $? = 1
configure: failed program was:
| /* confdefs.h */
| #define PACKAGE_NAME ""
| #define PACKAGE_TARNAME ""
| #define PACKAGE_VERSION ""
| #define PACKAGE_STRING ""
| #define PACKAGE_BUGREPORT ""
| #define PACKAGE_URL ""
| /* end confdefs.h.  */
| #include <ac_nonexistent.h>
configure:3317: result: cc -E
configure:3337: cc -E  conftest.c
configure:3337: $? = 0
configure:3351: cc -E  conftest.c
conftest.c:9:28: fatal error: ac_nonexistent.h: No such file or directory
 #include <ac_nonexistent.h>
                            ^
compilation terminated.
configure:3351: $? = 1
configure: failed program was:
| /* confdefs.h */
| #define PACKAGE_NAME ""
| #define PACKAGE_TARNAME ""
| #define PACKAGE_VERSION ""
| #define PACKAGE_STRING ""
| #define PACKAGE_BUGREPORT ""
| #define PACKAGE_URL ""
| /* end confdefs.h.  */
| #include <ac_nonexistent.h>
configure:3382: checking for icc
configure:3391: result: no
configure:3405: checking for suncc
configure:3414: result: no
configure:3432: checking whether cc understands -c and -o together
configure:3460: cc -c conftest.c -o conftest2.o >&5
configure:3464: $? = 0
configure:3470: cc -c conftest.c -o conftest2.o >&5
configure:3474: $? = 0
configure:3529: result: yes
configure:3543: checking for system library directory
configure:3558: result: lib
configure:3565: checking if compiler supports -R
configure:3584: cc -o conftest -g -O2   conftest.c -R /usr/lib  >&5
cc: error: unrecognized command line option '-R'
configure:3584: $? = 1
configure: failed program was:
| /* confdefs.h */
| #define PACKAGE_NAME ""
| #define PACKAGE_TARNAME ""
| #define PACKAGE_VERSION ""
| #define PACKAGE_STRING ""
| #define PACKAGE_BUGREPORT ""
| #define PACKAGE_URL ""
| /* end confdefs.h.  */
| 
| int
| main ()
| {
| 
|   ;
|   return 0;
| }
configure:3594: result: no
configure:3599: checking if compiler supports -Wl,-rpath,
configure:3618: cc -o conftest -g -O2   conftest.c -Wl,-rpath,/usr/lib  >&5
configure:3618: $? = 0
configure:3628: result: yes
configure:3673: checking build system type
configure:3687: result: x86_64-unknown-linux-gnu
configure:3707: checking host system type
configure:3720: result: x86_64-unknown-linux-gnu
configure:3740: checking target system type
configure:3753: result: x86_64-unknown-linux-gnu
configure:3856: checking for PHP prefix
configure:3858: result: /usr/local/php
configure:3860: checking for PHP includes
configure:3862: result: -I/usr/local/php/include/php -I/usr/local/php/include/php/main -I/usr/local/php/include/php/TSRM -I/usr/local/php/include/php/Zend -I/usr/local/php/include/php/ext -I/usr/local/php/include/php/ext/date/lib
configure:3864: checking for PHP extension directory
configure:3866: result: /usr/local/php/lib/php/extensions/no-debug-non-zts-20131226
configure:3868: checking for PHP installed headers prefix
configure:3870: result: /usr/local/php/include/php
configure:3873: checking if debug is enabled
configure:3899: result: no
configure:3902: checking if zts is enabled
configure:3928: result: no
configure:3999: checking for re2c
configure:4029: result: no
configure:4054: WARNING: You will need re2c 0.13.4 or later if you want to regenerate PHP parsers.
configure:4068: checking for gawk
configure:4085: found /usr/bin/gawk
configure:4096: result: gawk
configure:4142: checking for phpgo support
configure:4182: result: yes, shared
configure:4192: checking whether to enable phpgo support
configure:4231: result: yes, shared
configure:4307: checking for g++
configure:4323: found /usr/bin/g++
configure:4334: result: g++
configure:4361: checking for C++ compiler version
configure:4370: g++ --version >&5
g++ (GCC) 4.8.5 20150623 (Red Hat 4.8.5-16)
Copyright (C) 2015 Free Software Foundation, Inc.
This is free software; see the source for copying conditions.  There is NO
warranty; not even for MERCHANTABILITY or FITNESS FOR A PARTICULAR PURPOSE.

configure:4381: $? = 0
configure:4370: g++ -v >&5
Using built-in specs.
COLLECT_GCC=g++
COLLECT_LTO_WRAPPER=/usr/libexec/gcc/x86_64-redhat-linux/4.8.5/lto-wrapper
Target: x86_64-redhat-linux
Configured with: ../configure --prefix=/usr --mandir=/usr/share/man --infodir=/usr/share/info --with-bugurl=http://bugzilla.redhat.com/bugzilla --enable-bootstrap --enable-shared --enable-threads=posix --enable-checking=release --with-system-zlib --enable-__cxa_atexit --disable-libunwind-exceptions --enable-gnu-unique-object --enable-linker-build-id --with-linker-hash-style=gnu --enable-languages=c,c++,objc,obj-c++,java,fortran,ada,go,lto --enable-plugin --enable-initfini-array --disable-libgcj --with-isl=/builddir/build/BUILD/gcc-4.8.5-20150702/obj-x86_64-redhat-linux/isl-install --with-cloog=/builddir/build/BUILD/gcc-4.8.5-20150702/obj-x86_64-redhat-linux/cloog-install --enable-gnu-indirect-function --with-tune=generic --with-arch_32=x86-64 --build=x86_64-redhat-linux
Thread model: posix
gcc version 4.8.5 20150623 (Red Hat 4.8.5-16) (GCC) 
configure:4381: $? = 0
configure:4370: g++ -V >&5
g++: error: unrecognized command line option '-V'
g++: fatal error: no input files
compilation terminated.
configure:4381: $? = 4
configure:4370: g++ -qversion >&5
g++: error: unrecognized command line option '-qversion'
g++: fatal error: no input files
compilation terminated.
configure:4381: $? = 4
configure:4385: checking whether we are using the GNU C++ compiler
configure:4404: g++ -c -std=c++11   conftest.cpp >&5
configure:4404: $? = 0
configure:4413: result: yes
configure:4422: checking whether g++ accepts -g
configure:4442: g++ -c -g  conftest.cpp >&5
configure:4442: $? = 0
configure:4483: result: yes
configure:4511: checking how to run the C++ preprocessor
configure:4538: g++ -E  conftest.cpp
configure:4538: $? = 0
configure:4552: g++ -E  conftest.cpp
conftest.cpp:9:28: fatal error: ac_nonexistent.h: No such file or directory
 #include <ac_nonexistent.h>
                            ^
compilation terminated.
configure:4552: $? = 1
configure: failed program was:
| /* confdefs.h */
| #define PACKAGE_NAME ""
| #define PACKAGE_TARNAME ""
| #define PACKAGE_VERSION ""
| #define PACKAGE_STRING ""
| #define PACKAGE_BUGREPORT ""
| #define PACKAGE_URL ""
| /* end confdefs.h.  */
| #include <ac_nonexistent.h>
configure:4577: result: g++ -E
configure:4597: g++ -E  conftest.cpp
configure:4597: $? = 0
configure:4611: g++ -E  conftest.cpp
conftest.cpp:9:28: fatal error: ac_nonexistent.h: No such file or directory
 #include <ac_nonexistent.h>
                            ^
compilation terminated.
configure:4611: $? = 1
configure: failed program was:
| /* confdefs.h */
| #define PACKAGE_NAME ""
| #define PACKAGE_TARNAME ""
| #define PACKAGE_VERSION ""
| #define PACKAGE_STRING ""
| #define PACKAGE_BUGREPORT ""
| #define PACKAGE_URL ""
| /* end confdefs.h.  */
| #include <ac_nonexistent.h>
configure:5081: checking for ld used by cc
configure:5148: result: /usr/bin/ld
configure:5155: checking if the linker (/usr/bin/ld) is GNU ld
configure:5170: result: yes
configure:5175: checking for /usr/bin/ld option to reload object files
configure:5182: result: -r
configure:5200: checking for BSD-compatible nm
configure:5249: result: /usr/bin/nm -B
configure:5253: checking whether ln -s works
configure:5257: result: yes
configure:5264: checking how to recognize dependent libraries
configure:5450: result: pass_all
configure:5535: cc -c -g -O2  conftest.c >&5
configure:5538: $? = 0
configure:5668: checking for ANSI C header files
configure:5688: cc -c -g -O2  conftest.c >&5
configure:5688: $? = 0
configure:5761: cc -o conftest -g -O2   conftest.c -lstdc++  >&5
configure:5761: $? = 0
configure:5761: ./conftest
configure:5761: $? = 0
configure:5772: result: yes
configure:5785: checking for sys/types.h
configure:5785: cc -c -g -O2  conftest.c >&5
configure:5785: $? = 0
configure:5785: result: yes
configure:5785: checking for sys/stat.h
configure:5785: cc -c -g -O2  conftest.c >&5
configure:5785: $? = 0
configure:5785: result: yes
configure:5785: checking for stdlib.h
configure:5785: cc -c -g -O2  conftest.c >&5
configure:5785: $? = 0
configure:5785: result: yes
configure:5785: checking for string.h
configure:5785: cc -c -g -O2  conftest.c >&5
configure:5785: $? = 0
configure:5785: result: yes
configure:5785: checking for memory.h
configure:5785: cc -c -g -O2  conftest.c >&5
configure:5785: $? = 0
configure:5785: result: yes
configure:5785: checking for strings.h
configure:5785: cc -c -g -O2  conftest.c >&5
configure:5785: $? = 0
configure:5785: result: yes
configure:5785: checking for inttypes.h
configure:5785: cc -c -g -O2  conftest.c >&5
configure:5785: $? = 0
configure:5785: result: yes
configure:5785: checking for stdint.h
configure:5785: cc -c -g -O2  conftest.c >&5
configure:5785: $? = 0
configure:5785: result: yes
configure:5785: checking for unistd.h
configure:5785: cc -c -g -O2  conftest.c >&5
configure:5785: $? = 0
configure:5785: result: yes
configure:5799: checking dlfcn.h usability
configure:5799: cc -c -g -O2  conftest.c >&5
configure:5799: $? = 0
configure:5799: result: yes
configure:5799: checking dlfcn.h presence
configure:5799: cc -E  conftest.c
configure:5799: $? = 0
configure:5799: result: yes
configure:5799: checking for dlfcn.h
configure:5799: result: yes
configure:5819: checking how to run the C++ preprocessor
configure:5885: result: g++ -E
configure:5905: g++ -E  conftest.cpp
configure:5905: $? = 0
configure:5919: g++ -E  conftest.cpp
conftest.cpp:21:28: fatal error: ac_nonexistent.h: No such file or directory
 #include <ac_nonexistent.h>
                            ^
compilation terminated.
configure:5919: $? = 1
configure: failed program was:
| /* confdefs.h */
| #define PACKAGE_NAME ""
| #define PACKAGE_TARNAME ""
| #define PACKAGE_VERSION ""
| #define PACKAGE_STRING ""
| #define PACKAGE_BUGREPORT ""
| #define PACKAGE_URL ""
| #define COMPILE_DL_PHPGO 1
| #define STDC_HEADERS 1
| #define HAVE_SYS_TYPES_H 1
| #define HAVE_SYS_STAT_H 1
| #define HAVE_STDLIB_H 1
| #define HAVE_STRING_H 1
| #define HAVE_MEMORY_H 1
| #define HAVE_STRINGS_H 1
| #define HAVE_INTTYPES_H 1
| #define HAVE_STDINT_H 1
| #define HAVE_UNISTD_H 1
| #define HAVE_DLFCN_H 1
| /* end confdefs.h.  */
| #include <ac_nonexistent.h>
configure:5952: checking the maximum length of command line arguments
configure:6064: result: 1572864
configure:6076: checking command to parse /usr/bin/nm -B output from cc object
configure:6181: g++ -c -std=c++11   conftest.cpp >&5
configure:6184: $? = 0
configure:6188: /usr/bin/nm -B conftest.o \| sed -n -e 's/^.*[ 	]\([ABCDGIRSTW][ABCDGIRSTW]*\)[ 	][ 	]*\([_A-Za-z][_A-Za-z0-9]*\)$/\1 \2 \2/p' \> conftest.nm
configure:6191: $? = 0
configure:6243: g++ -o conftest -std=c++11    conftest.cpp conftstm.o >&5
configure:6246: $? = 0
configure:6284: result: ok
configure:6288: checking for objdir
configure:6303: result: .libs
configure:6395: checking for ar
configure:6411: found /usr/bin/ar
configure:6422: result: ar
configure:6487: checking for ranlib
configure:6503: found /usr/bin/ranlib
configure:6514: result: ranlib
configure:6579: checking for strip
configure:6595: found /usr/bin/strip
configure:6606: result: strip
configure:7175: checking if cc supports -fno-rtti -fno-exceptions
configure:7193: cc -c -g -O2  -fno-rtti -fno-exceptions conftest.c >&5
cc1: warning: command line option '-fno-rtti' is valid for C++/ObjC++ but not for C [enabled by default]
configure:7197: $? = 0
configure:7210: result: no
configure:7225: checking for cc option to produce PIC
configure:7465: result: -fPIC
configure:7473: checking if cc PIC flag -fPIC works
configure:7491: cc -c -g -O2  -fPIC -DPIC conftest.c >&5
configure:7495: $? = 0
configure:7508: result: yes
configure:7536: checking if cc static flag -static works
configure:7564: result: no
configure:7574: checking if cc supports -c -o file.o
configure:7595: cc -c -g -O2  -o out/conftest2.o conftest.c >&5
configure:7599: $? = 0
configure:7621: result: yes
configure:7647: checking whether the cc linker (/usr/bin/ld -m elf_x86_64) supports shared libraries
configure:8575: result: yes
configure:8596: checking whether -lc should be explicitly linked in
configure:8601: cc -c -g -O2  conftest.c >&5
configure:8604: $? = 0
configure:8619: cc -shared conftest.o  -v -Wl,-soname -Wl,conftest -o conftest 2\>\&1 \| grep  -lc  \>/dev/null 2\>\&1
configure:8622: $? = 0
configure:8634: result: no
configure:8642: checking dynamic linker characteristics
configure:9240: result: GNU/Linux ld.so
configure:9264: checking how to hardcode library paths into programs
configure:9289: result: immediate
configure:9303: checking whether stripping libraries is possible
configure:9308: result: yes
configure:9825: checking if libtool supports shared libraries
configure:9827: result: yes
configure:9830: checking whether to build shared libraries
configure:9851: result: yes
configure:9854: checking whether to build static libraries
configure:9858: result: no
configure:9953: result:
creating libtool
configure:10544: checking for ld used by g++
configure:10611: result: /usr/bin/ld -m elf_x86_64
configure:10618: checking if the linker (/usr/bin/ld -m elf_x86_64) is GNU ld
configure:10633: result: yes
configure:10684: checking whether the g++ linker (/usr/bin/ld -m elf_x86_64) supports shared libraries
configure:11582: result: yes
configure:11603: g++ -c -std=c++11   conftest.cpp >&5
configure:11606: $? = 0
configure:11762: checking for g++ option to produce PIC
configure:12052: result: -fPIC
configure:12060: checking if g++ PIC flag -fPIC works
configure:12078: g++ -c -std=c++11   -fPIC -DPIC conftest.cpp >&5
configure:12082: $? = 0
configure:12095: result: yes
configure:12123: checking if g++ static flag -static works
configure:12151: result: no
configure:12161: checking if g++ supports -c -o file.o
configure:12182: g++ -c -std=c++11   -o out/conftest2.o conftest.cpp >&5
configure:12186: $? = 0
configure:12208: result: yes
configure:12234: checking whether the g++ linker (/usr/bin/ld -m elf_x86_64) supports shared libraries
configure:12260: result: yes
configure:12327: checking dynamic linker characteristics
configure:12873: result: GNU/Linux ld.so
configure:12897: checking how to hardcode library paths into programs
configure:12922: result: immediate
configure:13652: creating ./config.status

## ---------------------- ##
## Running config.status. ##
## ---------------------- ##

This file was extended by config.status, which was
generated by GNU Autoconf 2.69.  Invocation command line was

  CONFIG_FILES    = 
  CONFIG_HEADERS  = 
  CONFIG_LINKS    = 
  CONFIG_COMMANDS = 
  $ ./config.status 

on iZ948n53aj8Z

config.status:676: creating config.h
config.status:766: config.h is unchanged

## ---------------- ##
## Cache variables. ##
## ---------------- ##

ac_cv_build=x86_64-unknown-linux-gnu
ac_cv_c_compiler_gnu=yes
ac_cv_cxx_compiler_gnu=yes
ac_cv_env_CCC_set=
ac_cv_env_CCC_value=
ac_cv_env_CC_set=
ac_cv_env_CC_value=
ac_cv_env_CFLAGS_set=
ac_cv_env_CFLAGS_value=
ac_cv_env_CPPFLAGS_set=
ac_cv_env_CPPFLAGS_value=
ac_cv_env_CPP_set=
ac_cv_env_CPP_value=
ac_cv_env_CXXCPP_set=
ac_cv_env_CXXCPP_value=
ac_cv_env_CXXFLAGS_set=
ac_cv_env_CXXFLAGS_value=
ac_cv_env_CXX_set=
ac_cv_env_CXX_value=
ac_cv_env_LDFLAGS_set=
ac_cv_env_LDFLAGS_value=
ac_cv_env_LIBS_set=
ac_cv_env_LIBS_value=
ac_cv_env_build_alias_set=
ac_cv_env_build_alias_value=
ac_cv_env_host_alias_set=
ac_cv_env_host_alias_value=
ac_cv_env_target_alias_set=
ac_cv_env_target_alias_value=
ac_cv_header_dlfcn_h=yes
ac_cv_header_inttypes_h=yes
ac_cv_header_memory_h=yes
ac_cv_header_stdc=yes
ac_cv_header_stdint_h=yes
ac_cv_header_stdlib_h=yes
ac_cv_header_string_h=yes
ac_cv_header_strings_h=yes
ac_cv_header_sys_stat_h=yes
ac_cv_header_sys_types_h=yes
ac_cv_header_unistd_h=yes
ac_cv_host=x86_64-unknown-linux-gnu
ac_cv_objext=o
ac_cv_path_EGREP='/usr/bin/grep -E'
ac_cv_path_GREP=/usr/bin/grep
ac_cv_prog_AWK=gawk
ac_cv_prog_CPP='cc -E'
ac_cv_prog_CXXCPP='g++ -E'
ac_cv_prog_ac_ct_AR=ar
ac_cv_prog_ac_ct_CC=cc
ac_cv_prog_ac_ct_CXX=g++
ac_cv_prog_ac_ct_RANLIB=ranlib
ac_cv_prog_ac_ct_STRIP=strip
ac_cv_prog_cc_c89=
ac_cv_prog_cc_cc_c_o=yes
ac_cv_prog_cc_g=yes
ac_cv_prog_cxx_g=yes
ac_cv_target=x86_64-unknown-linux-gnu
lt_cv_deplibs_check_method=pass_all
lt_cv_file_magic_cmd='$MAGIC_CMD'
lt_cv_file_magic_test_file=
lt_cv_ld_reload_flag=-r
lt_cv_objdir=.libs
lt_cv_path_LD=/usr/bin/ld
lt_cv_path_LDCXX='/usr/bin/ld -m elf_x86_64'
lt_cv_path_NM='/usr/bin/nm -B'
lt_cv_path_SED=/usr/bin/sed
lt_cv_prog_compiler_c_o=yes
lt_cv_prog_compiler_c_o_CXX=yes
lt_cv_prog_compiler_pic_works=yes
lt_cv_prog_compiler_pic_works_CXX=yes
lt_cv_prog_compiler_rtti_exceptions=no
lt_cv_prog_compiler_static_works=no
lt_cv_prog_compiler_static_works_CXX=no
lt_cv_prog_gnu_ld=yes
lt_cv_prog_gnu_ldcxx=yes
lt_cv_sys_global_symbol_pipe='sed -n -e '\''s/^.*[ 	]\([ABCDGIRSTW][ABCDGIRSTW]*\)[ 	][ 	]*\([_A-Za-z][_A-Za-z0-9]*\)$/\1 \2 \2/p'\'''
lt_cv_sys_global_symbol_to_c_name_address='sed -n -e '\''s/^: \([^ ]*\) $/  {\"\1\", (lt_ptr) 0},/p'\'' -e '\''s/^[BCDEGRST] \([^ ]*\) \([^ ]*\)$/  {"\2", (lt_ptr) \&\2},/p'\'''
lt_cv_sys_global_symbol_to_cdecl='sed -n -e '\''s/^. .* \(.*\)$/extern int \1;/p'\'''
lt_cv_sys_lib_dlsearch_path_spec='/lib /usr/lib /usr/local/lib'
lt_cv_sys_lib_search_path_spec='/usr/lib/gcc/x86_64-redhat-linux/4.8.5 /usr/lib64 /lib64'
lt_cv_sys_max_cmd_len=1572864
lt_lt_cv_prog_compiler_c_o='"yes"'
lt_lt_cv_prog_compiler_c_o_CXX='"yes"'
lt_lt_cv_sys_global_symbol_pipe='"sed -n -e '\''s/^.*[ 	]\\([ABCDGIRSTW][ABCDGIRSTW]*\\)[ 	][ 	]*\\([_A-Za-z][_A-Za-z0-9]*\\)\$/\\1 \\2 \\2/p'\''"'
lt_lt_cv_sys_global_symbol_to_c_name_address='"sed -n -e '\''s/^: \\([^ ]*\\) \$/  {\\\"\\1\\\", (lt_ptr) 0},/p'\'' -e '\''s/^[BCDEGRST] \\([^ ]*\\) \\([^ ]*\\)\$/  {\"\\2\", (lt_ptr) \\&\\2},/p'\''"'
lt_lt_cv_sys_global_symbol_to_cdecl='"sed -n -e '\''s/^. .* \\(.*\\)\$/extern int \\1;/p'\''"'
php_cv_cc_dashr=no
php_cv_cc_rpath=yes

## ----------------- ##
## Output variables. ##
## ----------------- ##

AR='ar'
AWK='gawk'
CC='cc'
CFLAGS='-g -O2'
CONFIGURE_COMMAND=' '\''./configure'\''  '\''-with-php-config=/usr/local/php/bin/php-config'\'''
CONFIGURE_OPTIONS=' '\''-with-php-config=/usr/local/php/bin/php-config'\'''
CPP='cc -E'
CPPFLAGS=' -DHAVE_CONFIG_H'
CXX='g++'
CXXCPP='g++ -E'
CXXFLAGS='-std=c++11 '
DEFS='-DHAVE_CONFIG_H'
DSYMUTIL=''
ECHO='echo'
ECHO_C=''
ECHO_N='-n'
ECHO_T=''
EGREP='/usr/bin/grep -E'
EXEEXT=''
GREP='/usr/bin/grep'
LDFLAGS=''
LIBOBJS=''
LIBS='-lstdc++ '
LIBTOOL='$(SHELL) $(top_builddir)/libtool'
LN_S='ln -s'
LTLIBOBJS=''
NMEDIT=''
OBJEXT='o'
PACKAGE_BUGREPORT=''
PACKAGE_NAME=''
PACKAGE_STRING=''
PACKAGE_TARNAME=''
PACKAGE_URL=''
PACKAGE_VERSION=''
PATH_SEPARATOR=':'
RANLIB='ranlib'
RE2C='exit 0;'
SED='/usr/bin/sed'
SHELL='/bin/sh'
SHLIB_DL_SUFFIX_NAME='so'
SHLIB_SUFFIX_NAME='so'
STRIP='strip'
ac_ct_CC='cc'
ac_ct_CXX='g++'
bindir='${exec_prefix}/bin'
build='x86_64-unknown-linux-gnu'
build_alias=''
build_cpu='x86_64'
build_os='linux-gnu'
build_vendor='unknown'
datadir='${datarootdir}'
datarootdir='${prefix}/share'
docdir='${datarootdir}/doc/${PACKAGE}'
dvidir='${docdir}'
exec_prefix='$(prefix)'
host='x86_64-unknown-linux-gnu'
host_alias='x86_64-unknown-linux-gnu'
host_cpu='x86_64'
host_os='linux-gnu'
host_vendor='unknown'
htmldir='${docdir}'
includedir='${prefix}/include'
infodir='${datarootdir}/info'
libdir='${exec_prefix}/lib'
libexecdir='${exec_prefix}/libexec'
localedir='${datarootdir}/locale'
localstatedir='${prefix}/var'
mandir='${datarootdir}/man'
oldincludedir='/usr/include'
pdfdir='${docdir}'
prefix='/usr/local/php'
program_transform_name='s,x,x,'
psdir='${docdir}'
sbindir='${exec_prefix}/sbin'
sharedstatedir='${prefix}/com'
sysconfdir='${prefix}/etc'
target='x86_64-unknown-linux-gnu'
target_alias=''
target_cpu='x86_64'
target_os='linux-gnu'
target_vendor='unknown'

## ----------- ##
## confdefs.h. ##
## ----------- ##

/* confdefs.h */
#define PACKAGE_NAME ""
#define PACKAGE_TARNAME ""
#define PACKAGE_VERSION ""
#define PACKAGE_STRING ""
#define PACKAGE_BUGREPORT ""
#define PACKAGE_URL ""
#define COMPILE_DL_PHPGO 1
#define STDC_HEADERS 1
#define HAVE_SYS_TYPES_H 1
#define HAVE_SYS_STAT_H 1
#define HAVE_STDLIB_H 1
#define HAVE_STRING_H 1
#define HAVE_MEMORY_H 1
#define HAVE_STRINGS_H 1
#define HAVE_INTTYPES_H 1
#define HAVE_STDINT_H 1
#define HAVE_UNISTD_H 1
#define HAVE_DLFCN_H 1

configure: exit 0
